2025-10-14 22:31:40,751 - __main__ - INFO - Starting scan: Options Scan - 2025-10-14 22:31
2025-10-14 22:31:40,755 - __main__ - INFO - Loaded 15 tickers from universe
2025-10-14 22:31:40,758 - __main__ - INFO - Fetching data for AAPL...
2025-10-14 22:31:42,137 - options_bot.ingestion.catalysts - ERROR - Error fetching catalysts for AAPL: unsupported operand type(s) for -: 'datetime.date' and 'datetime.datetime'
2025-10-14 22:31:42,138 - __main__ - INFO - Fetching data for MSFT...
2025-10-14 22:31:42,910 - options_bot.ingestion.catalysts - ERROR - Error fetching catalysts for MSFT: unsupported operand type(s) for -: 'datetime.date' and 'datetime.datetime'
2025-10-14 22:31:42,911 - __main__ - INFO - Fetching data for GOOGL...
2025-10-14 22:31:43,586 - options_bot.ingestion.catalysts - ERROR - Error fetching catalysts for GOOGL: unsupported operand type(s) for -: 'datetime.date' and 'datetime.datetime'
2025-10-14 22:31:43,587 - __main__ - INFO - Fetching data for AMZN...
2025-10-14 22:31:44,202 - options_bot.ingestion.catalysts - ERROR - Error fetching catalysts for AMZN: unsupported operand type(s) for -: 'datetime.date' and 'datetime.datetime'
2025-10-14 22:31:44,202 - __main__ - INFO - Fetching data for TSLA...
2025-10-14 22:31:44,894 - options_bot.ingestion.catalysts - ERROR - Error fetching catalysts for TSLA: unsupported operand type(s) for -: 'datetime.date' and 'datetime.datetime'
2025-10-14 22:31:44,895 - __main__ - INFO - Fetching data for NVDA...
2025-10-14 22:31:45,604 - options_bot.ingestion.catalysts - ERROR - Error fetching catalysts for NVDA: unsupported operand type(s) for -: 'datetime.date' and 'datetime.datetime'
2025-10-14 22:31:45,605 - __main__ - INFO - Fetching data for AMD...
2025-10-14 22:31:46,173 - options_bot.ingestion.catalysts - ERROR - Error fetching catalysts for AMD: unsupported operand type(s) for -: 'datetime.date' and 'datetime.datetime'
2025-10-14 22:31:46,174 - __main__ - INFO - Fetching data for META...
2025-10-14 22:31:46,879 - options_bot.ingestion.catalysts - ERROR - Error fetching catalysts for META: unsupported operand type(s) for -: 'datetime.date' and 'datetime.datetime'
2025-10-14 22:31:46,880 - __main__ - INFO - Fetching data for NFLX...
2025-10-14 22:31:47,702 - options_bot.ingestion.catalysts - ERROR - Error fetching catalysts for NFLX: unsupported operand type(s) for -: 'datetime.date' and 'datetime.datetime'
2025-10-14 22:31:47,703 - __main__ - INFO - Fetching data for SPY...
2025-10-14 22:31:48,582 - yfinance - ERROR - HTTP Error 404: {"quoteSummary":{"result":null,"error":{"code":"Not Found","description":"No fundamentals data found for symbol: SPY"}}}
2025-10-14 22:31:48,863 - __main__ - INFO - Fetching data for QQQ...
2025-10-14 22:31:49,826 - yfinance - ERROR - HTTP Error 404: {"quoteSummary":{"result":null,"error":{"code":"Not Found","description":"No fundamentals data found for symbol: QQQ"}}}
2025-10-14 22:31:49,980 - __main__ - INFO - Fetching data for IWM...
2025-10-14 22:31:50,819 - yfinance - ERROR - HTTP Error 404: {"quoteSummary":{"result":null,"error":{"code":"Not Found","description":"No fundamentals data found for symbol: IWM"}}}
2025-10-14 22:31:50,977 - __main__ - INFO - Fetching data for DIA...
2025-10-14 22:31:51,868 - yfinance - ERROR - HTTP Error 404: {"quoteSummary":{"result":null,"error":{"code":"Not Found","description":"No fundamentals data found for symbol: DIA"}}}
2025-10-14 22:31:52,005 - __main__ - INFO - Fetching data for BA...
2025-10-14 22:31:52,782 - options_bot.ingestion.catalysts - ERROR - Error fetching catalysts for BA: unsupported operand type(s) for -: 'datetime.date' and 'datetime.datetime'
2025-10-14 22:31:52,782 - __main__ - INFO - Fetching data for COIN...
2025-10-14 22:31:53,375 - options_bot.ingestion.catalysts - ERROR - Error fetching catalysts for COIN: unsupported operand type(s) for -: 'datetime.date' and 'datetime.datetime'
2025-10-14 22:31:53,376 - __main__ - INFO - Data fetched: 15 fundamentals, 15 options, 4 catalysts
2025-10-14 22:31:53,376 - options_bot.ranker.ranker - WARNING - Skipping AAPL - missing data
2025-10-14 22:31:53,377 - options_bot.ranker.ranker - WARNING - Skipping MSFT - missing data
2025-10-14 22:31:53,378 - options_bot.ranker.ranker - WARNING - Skipping GOOGL - missing data
2025-10-14 22:31:53,378 - options_bot.ranker.ranker - WARNING - Skipping AMZN - missing data
2025-10-14 22:31:53,379 - options_bot.ranker.ranker - WARNING - Skipping TSLA - missing data
2025-10-14 22:31:53,379 - options_bot.ranker.ranker - WARNING - Skipping NVDA - missing data
2025-10-14 22:31:53,380 - options_bot.ranker.ranker - WARNING - Skipping AMD - missing data
2025-10-14 22:31:53,380 - options_bot.ranker.ranker - WARNING - Skipping META - missing data
2025-10-14 22:31:53,381 - options_bot.ranker.ranker - WARNING - Skipping NFLX - missing data
2025-10-14 22:31:53,381 - options_bot.ranker.ranker - WARNING - Skipping BA - missing data
2025-10-14 22:31:53,382 - options_bot.ranker.ranker - WARNING - Skipping COIN - missing data
2025-10-14 22:31:53,383 - options_bot.ranker.ranker - INFO - Ranked 4 ideas
2025-10-14 22:31:53,383 - __main__ - INFO - Scan complete: 4 ideas generated
2025-10-14 22:31:53,384 - __main__ - INFO - Sending Discord notification...
2025-10-14 22:31:53,555 - options_bot.notify.discord_notifier - ERROR - Error sending Discord notification: 400 Client Error: Bad Request for url: https://discord.com/api/webhooks/YOUR_WEBHOOK_ID/YOUR_WEBHOOK_TOKEN
2025-10-14 22:33:01,511 - __main__ - INFO - Starting scan: Options Scan - 2025-10-14 22:33
2025-10-14 22:33:01,512 - __main__ - INFO - Loaded 15 tickers from universe
2025-10-14 22:33:01,513 - __main__ - INFO - Fetching data for AAPL...
2025-10-14 22:33:02,575 - __main__ - INFO - Fetching data for MSFT...
2025-10-14 22:33:03,350 - __main__ - INFO - Fetching data for GOOGL...
2025-10-14 22:33:04,045 - __main__ - INFO - Fetching data for AMZN...
2025-10-14 22:33:04,775 - __main__ - INFO - Fetching data for TSLA...
2025-10-14 22:33:05,536 - __main__ - INFO - Fetching data for NVDA...
2025-10-14 22:33:06,240 - __main__ - INFO - Fetching data for AMD...
2025-10-14 22:33:06,922 - __main__ - INFO - Fetching data for META...
2025-10-14 22:33:07,965 - __main__ - INFO - Fetching data for NFLX...
2025-10-14 22:33:08,629 - __main__ - INFO - Fetching data for SPY...
2025-10-14 22:33:09,285 - yfinance - ERROR - HTTP Error 404: {"quoteSummary":{"result":null,"error":{"code":"Not Found","description":"No fundamentals data found for symbol: SPY"}}}
2025-10-14 22:33:09,448 - __main__ - INFO - Fetching data for QQQ...
2025-10-14 22:33:10,098 - yfinance - ERROR - HTTP Error 404: {"quoteSummary":{"result":null,"error":{"code":"Not Found","description":"No fundamentals data found for symbol: QQQ"}}}
2025-10-14 22:33:10,217 - __main__ - INFO - Fetching data for IWM...
2025-10-14 22:33:11,070 - yfinance - ERROR - HTTP Error 404: {"quoteSummary":{"result":null,"error":{"code":"Not Found","description":"No fundamentals data found for symbol: IWM"}}}
2025-10-14 22:33:11,186 - __main__ - INFO - Fetching data for DIA...
2025-10-14 22:33:11,952 - yfinance - ERROR - HTTP Error 404: {"quoteSummary":{"result":null,"error":{"code":"Not Found","description":"No fundamentals data found for symbol: DIA"}}}
2025-10-14 22:33:12,095 - __main__ - INFO - Fetching data for BA...
2025-10-14 22:33:12,979 - __main__ - INFO - Fetching data for COIN...
2025-10-14 22:33:13,780 - __main__ - INFO - Data fetched: 15 fundamentals, 15 options, 15 catalysts
2025-10-14 22:33:13,781 - options_bot.ranker.ranker - INFO - Ranked 10 ideas
2025-10-14 22:33:13,782 - __main__ - INFO - Scan complete: 10 ideas generated
2025-10-14 22:33:13,782 - __main__ - INFO - Sending Discord notification...
2025-10-14 22:33:13,977 - options_bot.notify.discord_notifier - ERROR - Error sending Discord notification: 400 Client Error: Bad Request for url: https://discord.com/api/webhooks/YOUR_WEBHOOK_ID/YOUR_WEBHOOK_TOKEN
2025-10-14 22:35:20,752 - __main__ - INFO - Starting scan: Options Scan - 2025-10-14 22:35
2025-10-14 22:35:20,754 - __main__ - INFO - Loaded 15 tickers from universe
2025-10-14 22:35:20,755 - __main__ - INFO - Fetching data for AAPL...
2025-10-14 22:35:21,797 - __main__ - INFO - Fetching data for MSFT...
2025-10-14 22:35:22,553 - __main__ - INFO - Fetching data for GOOGL...
2025-10-14 22:35:23,265 - __main__ - INFO - Fetching data for AMZN...
2025-10-14 22:35:24,047 - __main__ - INFO - Fetching data for TSLA...
2025-10-14 22:35:24,984 - __main__ - INFO - Fetching data for NVDA...
2025-10-14 22:35:25,905 - __main__ - INFO - Fetching data for AMD...
2025-10-14 22:35:26,629 - __main__ - INFO - Fetching data for META...
2025-10-14 22:35:27,330 - __main__ - INFO - Fetching data for NFLX...
2025-10-14 22:35:28,240 - __main__ - INFO - Fetching data for SPY...
2025-10-14 22:35:29,084 - yfinance - ERROR - HTTP Error 404: {"quoteSummary":{"result":null,"error":{"code":"Not Found","description":"No fundamentals data found for symbol: SPY"}}}
2025-10-14 22:35:29,284 - __main__ - INFO - Fetching data for QQQ...
2025-10-14 22:35:30,017 - yfinance - ERROR - HTTP Error 404: {"quoteSummary":{"result":null,"error":{"code":"Not Found","description":"No fundamentals data found for symbol: QQQ"}}}
2025-10-14 22:35:30,171 - __main__ - INFO - Fetching data for IWM...
2025-10-14 22:35:30,992 - yfinance - ERROR - HTTP Error 404: {"quoteSummary":{"result":null,"error":{"code":"Not Found","description":"No fundamentals data found for symbol: IWM"}}}
2025-10-14 22:35:31,154 - __main__ - INFO - Fetching data for DIA...
2025-10-14 22:35:31,905 - yfinance - ERROR - HTTP Error 404: {"quoteSummary":{"result":null,"error":{"code":"Not Found","description":"No fundamentals data found for symbol: DIA"}}}
2025-10-14 22:35:32,050 - __main__ - INFO - Fetching data for BA...
2025-10-14 22:35:32,839 - __main__ - INFO - Fetching data for COIN...
2025-10-14 22:35:33,735 - __main__ - INFO - Data fetched: 15 fundamentals, 15 options, 15 catalysts
2025-10-14 22:35:33,739 - options_bot.ranker.ranker - INFO - Ranked 10 ideas
2025-10-14 22:35:33,741 - __main__ - INFO - Scan complete: 10 ideas generated
2025-10-14 22:35:33,742 - __main__ - INFO - Sending Discord notification...
2025-10-14 22:35:34,289 - options_bot.notify.discord_notifier - INFO - Discord notification sent successfully
2025-10-14 22:36:17,619 - __main__ - INFO - Starting scan: Options Scan - 2025-10-14 22:36
2025-10-14 22:36:17,620 - __main__ - INFO - Loaded 15 tickers from universe
2025-10-14 22:36:17,621 - __main__ - INFO - Fetching data for AAPL...
2025-10-14 22:36:19,086 - __main__ - INFO - Fetching data for MSFT...
2025-10-14 22:36:19,852 - __main__ - INFO - Fetching data for GOOGL...
2025-10-14 22:36:20,784 - __main__ - INFO - Fetching data for AMZN...
2025-10-14 22:36:21,608 - __main__ - INFO - Fetching data for TSLA...
2025-10-14 22:36:22,464 - __main__ - INFO - Fetching data for NVDA...
2025-10-14 22:36:23,435 - __main__ - INFO - Fetching data for AMD...
2025-10-14 22:36:24,287 - __main__ - INFO - Fetching data for META...
2025-10-14 22:36:25,132 - __main__ - INFO - Fetching data for NFLX...
2025-10-14 22:36:26,082 - __main__ - INFO - Fetching data for SPY...
2025-10-14 22:36:26,953 - yfinance - ERROR - HTTP Error 404: {"quoteSummary":{"result":null,"error":{"code":"Not Found","description":"No fundamentals data found for symbol: SPY"}}}
2025-10-14 22:36:27,082 - __main__ - INFO - Fetching data for QQQ...
2025-10-14 22:36:27,876 - yfinance - ERROR - HTTP Error 404: {"quoteSummary":{"result":null,"error":{"code":"Not Found","description":"No fundamentals data found for symbol: QQQ"}}}
2025-10-14 22:36:27,998 - __main__ - INFO - Fetching data for IWM...
2025-10-14 22:36:28,763 - yfinance - ERROR - HTTP Error 404: {"quoteSummary":{"result":null,"error":{"code":"Not Found","description":"No fundamentals data found for symbol: IWM"}}}
2025-10-14 22:36:28,881 - __main__ - INFO - Fetching data for DIA...
2025-10-14 22:36:29,612 - yfinance - ERROR - HTTP Error 404: {"quoteSummary":{"result":null,"error":{"code":"Not Found","description":"No fundamentals data found for symbol: DIA"}}}
2025-10-14 22:36:29,761 - __main__ - INFO - Fetching data for BA...
2025-10-14 22:36:30,616 - __main__ - INFO - Fetching data for COIN...
2025-10-14 22:36:31,419 - __main__ - INFO - Data fetched: 15 fundamentals, 15 options, 15 catalysts
2025-10-14 22:36:31,421 - options_bot.ranker.ranker - INFO - Ranked 10 ideas
2025-10-14 22:36:31,421 - __main__ - INFO - Scan complete: 10 ideas generated
2025-10-14 22:36:31,422 - __main__ - INFO - Sending Discord notification...
2025-10-14 22:36:31,830 - options_bot.notify.discord_notifier - INFO - Discord notification sent successfully
2025-10-14 22:41:03,292 - __main__ - INFO - Starting scan: Options Scan - 2025-10-14 22:41
2025-10-14 22:41:03,294 - __main__ - INFO - Loaded 40 tickers from universe
2025-10-14 22:41:03,294 - __main__ - INFO - Fetching data for AAPL...
2025-10-14 22:41:04,341 - __main__ - INFO - Fetching data for MSFT...
2025-10-14 22:41:05,117 - __main__ - INFO - Fetching data for GOOGL...
2025-10-14 22:41:05,806 - __main__ - INFO - Fetching data for AMZN...
2025-10-14 22:41:06,490 - __main__ - INFO - Fetching data for TSLA...
2025-10-14 22:41:07,171 - __main__ - INFO - Fetching data for NVDA...
2025-10-14 22:41:07,938 - __main__ - INFO - Fetching data for AMD...
2025-10-14 22:41:08,682 - __main__ - INFO - Fetching data for META...
2025-10-14 22:41:09,508 - __main__ - INFO - Fetching data for NFLX...
2025-10-14 22:41:10,229 - __main__ - INFO - Fetching data for SPY...
2025-10-14 22:41:10,961 - yfinance - ERROR - HTTP Error 404: {"quoteSummary":{"result":null,"error":{"code":"Not Found","description":"No fundamentals data found for symbol: SPY"}}}
2025-10-14 22:41:11,110 - __main__ - INFO - Fetching data for QQQ...
2025-10-14 22:41:11,814 - yfinance - ERROR - HTTP Error 404: {"quoteSummary":{"result":null,"error":{"code":"Not Found","description":"No fundamentals data found for symbol: QQQ"}}}
2025-10-14 22:41:11,956 - __main__ - INFO - Fetching data for IWM...
2025-10-14 22:41:12,617 - yfinance - ERROR - HTTP Error 404: {"quoteSummary":{"result":null,"error":{"code":"Not Found","description":"No fundamentals data found for symbol: IWM"}}}
2025-10-14 22:41:12,750 - __main__ - INFO - Fetching data for DIA...
2025-10-14 22:41:13,487 - yfinance - ERROR - HTTP Error 404: {"quoteSummary":{"result":null,"error":{"code":"Not Found","description":"No fundamentals data found for symbol: DIA"}}}
2025-10-14 22:41:13,630 - __main__ - INFO - Fetching data for BA...
2025-10-14 22:41:14,417 - __main__ - INFO - Fetching data for COIN...
2025-10-14 22:41:15,593 - __main__ - INFO - Fetching data for JPM...
2025-10-14 22:41:16,414 - __main__ - INFO - Fetching data for BAC...
2025-10-14 22:41:17,536 - __main__ - INFO - Fetching data for GS...
2025-10-14 22:41:18,430 - __main__ - INFO - Fetching data for WMT...
2025-10-14 22:41:19,359 - __main__ - INFO - Fetching data for DIS...
2025-10-14 22:41:20,299 - __main__ - INFO - Fetching data for NKE...
2025-10-14 22:41:21,061 - __main__ - INFO - Fetching data for INTC...
2025-10-14 22:41:21,916 - __main__ - INFO - Fetching data for CRM...
2025-10-14 22:41:22,725 - __main__ - INFO - Fetching data for ADBE...
2025-10-14 22:41:23,448 - __main__ - INFO - Fetching data for ORCL...
2025-10-14 22:41:24,344 - __main__ - INFO - Fetching data for PFE...
2025-10-14 22:41:25,262 - __main__ - INFO - Fetching data for JNJ...
2025-10-14 22:41:26,443 - __main__ - INFO - Fetching data for UNH...
2025-10-14 22:41:27,365 - __main__ - INFO - Fetching data for CVX...
2025-10-14 22:41:28,192 - __main__ - INFO - Fetching data for XOM...
2025-10-14 22:41:29,005 - __main__ - INFO - Fetching data for HD...
2025-10-14 22:41:29,761 - __main__ - INFO - Fetching data for MCD...
2025-10-14 22:41:30,630 - __main__ - INFO - Fetching data for V...
2025-10-14 22:41:31,424 - __main__ - INFO - Fetching data for MA...
2025-10-14 22:41:32,269 - __main__ - INFO - Fetching data for PYPL...
2025-10-14 22:41:32,994 - __main__ - INFO - Fetching data for SQ...
2025-10-14 22:41:33,197 - options_bot.ingestion.options - WARNING - No current price for SQ
2025-10-14 22:41:33,374 - yfinance - ERROR - HTTP Error 404: {"quoteSummary":{"result":null,"error":{"code":"Not Found","description":"No fundamentals data found for symbol: SQ"}}}
2025-10-14 22:41:33,511 - __main__ - INFO - Fetching data for SHOP...
2025-10-14 22:41:34,479 - __main__ - INFO - Fetching data for UBER...
2025-10-14 22:41:35,249 - __main__ - INFO - Fetching data for ABNB...
2025-10-14 22:41:36,067 - __main__ - INFO - Fetching data for ROKU...
2025-10-14 22:41:36,987 - __main__ - INFO - Data fetched: 40 fundamentals, 39 options, 40 catalysts
2025-10-14 22:41:36,989 - options_bot.ranker.ranker - WARNING - Skipping SQ - missing data
2025-10-14 22:41:36,989 - options_bot.ranker.ranker - INFO - Ranked 10 ideas
2025-10-14 22:41:36,990 - __main__ - INFO - Scan complete: 10 ideas generated
2025-10-14 22:41:36,990 - __main__ - INFO - Sending Discord notification...
2025-10-14 22:41:37,402 - options_bot.notify.discord_notifier - INFO - Discord notification sent successfully
